2020-04-19 14:00:46,586 [Worker-1: Loading available Gradle versions] INFO  o.e.b.c.i.u.g.PublishedGradleVersions - Gradle version information cache is up-to-date. Trying to read.
2020-04-19 14:01:59,042 [Worker-17: Creating maven-archetype-quickstart] INFO  o.e.m.c.i.p.ProjectConfigurationManager - Collecting project info '/pom.xml' C:\Users\luis_marreiros\Desktop\Cucumber\WebDriverUniversity\pom.xml
2020-04-19 14:02:00,184 [Worker-17: Creating maven-archetype-quickstart] INFO  o.e.m.c.i.l.LifecycleMappingFactory - Using org.eclipse.m2e.jdt.JarLifecycleMapping lifecycle mapping for MavenProject: com.webdriveruniversity:WebDriverUniversity:0.0.1-SNAPSHOT @ C:\Users\luis_marreiros\Desktop\Cucumber\WebDriverUniversity\pom.xml.
2020-04-19 14:02:00,604 [Worker-17: Creating maven-archetype-quickstart] INFO  o.e.m.j.i.AbstractJavaProjectConfigurator - Adding source folder /WebDriverUniversity/src/main/java
2020-04-19 14:02:00,612 [Worker-17: Creating maven-archetype-quickstart] INFO  o.e.m.j.i.AbstractJavaProjectConfigurator - Adding source folder /WebDriverUniversity/src/test/java
2020-04-19 14:02:00,937 [Worker-17: Creating maven-archetype-quickstart] INFO  o.e.m.c.i.p.ProjectConfigurationManager - Imported and configured 1 project(s) in 1 sec
2020-04-19 14:02:02,496 [Worker-16: Building] INFO  o.e.m.c.i.embedder.EclipseLogger - Using 'UTF-8' encoding to copy filtered resources.
2020-04-19 14:02:02,496 [Worker-16: Building] INFO  o.e.m.c.i.embedder.EclipseLogger - skip non existing resourceDirectory C:\Users\luis_marreiros\Desktop\Cucumber\WebDriverUniversity\src\main\resources
2020-04-19 14:02:02,500 [Worker-16: Building] INFO  o.e.m.c.i.embedder.EclipseLogger - Using 'UTF-8' encoding to copy filtered resources.
2020-04-19 14:02:02,500 [Worker-16: Building] INFO  o.e.m.c.i.embedder.EclipseLogger - skip non existing resourceDirectory C:\Users\luis_marreiros\Desktop\Cucumber\WebDriverUniversity\src\test\resources
2020-04-19 14:02:48,386 [Worker-16: Building] INFO  o.e.m.c.i.embedder.EclipseLogger - Using 'UTF-8' encoding to copy filtered resources.
2020-04-19 14:02:48,387 [Worker-16: Building] INFO  o.e.m.c.i.embedder.EclipseLogger - skip non existing resourceDirectory C:\Users\luis_marreiros\Desktop\Cucumber\WebDriverUniversity\src\main\resources
2020-04-19 14:02:48,389 [Worker-16: Building] INFO  o.e.m.c.i.embedder.EclipseLogger - Using 'UTF-8' encoding to copy filtered resources.
2020-04-19 14:02:48,389 [Worker-16: Building] INFO  o.e.m.c.i.embedder.EclipseLogger - skip non existing resourceDirectory C:\Users\luis_marreiros\Desktop\Cucumber\WebDriverUniversity\src\test\resources
2020-04-19 14:02:59,650 [Worker-17: Building] INFO  o.e.m.c.i.embedder.EclipseLogger - Using 'UTF-8' encoding to copy filtered resources.
2020-04-19 14:02:59,650 [Worker-17: Building] INFO  o.e.m.c.i.embedder.EclipseLogger - skip non existing resourceDirectory C:\Users\luis_marreiros\Desktop\Cucumber\WebDriverUniversity\src\main\resources
2020-04-19 14:02:59,653 [Worker-17: Building] INFO  o.e.m.c.i.embedder.EclipseLogger - Using 'UTF-8' encoding to copy filtered resources.
2020-04-19 14:02:59,653 [Worker-17: Building] INFO  o.e.m.c.i.embedder.EclipseLogger - skip non existing resourceDirectory C:\Users\luis_marreiros\Desktop\Cucumber\WebDriverUniversity\src\test\resources
2020-04-19 14:03:12,839 [Worker-15: Building] INFO  o.e.m.c.i.embedder.EclipseLogger - Using 'UTF-8' encoding to copy filtered resources.
2020-04-19 14:03:12,840 [Worker-15: Building] INFO  o.e.m.c.i.embedder.EclipseLogger - skip non existing resourceDirectory C:\Users\luis_marreiros\Desktop\Cucumber\WebDriverUniversity\src\main\resources
2020-04-19 14:03:12,841 [Worker-15: Building] INFO  o.e.m.c.i.embedder.EclipseLogger - Using 'UTF-8' encoding to copy filtered resources.
2020-04-19 14:03:12,842 [Worker-15: Building] INFO  o.e.m.c.i.embedder.EclipseLogger - skip non existing resourceDirectory C:\Users\luis_marreiros\Desktop\Cucumber\WebDriverUniversity\src\test\resources
2020-04-19 14:03:24,708 [Worker-5: Building] INFO  o.e.m.c.i.embedder.EclipseLogger - Using 'UTF-8' encoding to copy filtered resources.
2020-04-19 14:03:24,709 [Worker-5: Building] INFO  o.e.m.c.i.embedder.EclipseLogger - skip non existing resourceDirectory C:\Users\luis_marreiros\Desktop\Cucumber\WebDriverUniversity\src\main\resources
2020-04-19 14:03:24,710 [Worker-5: Building] INFO  o.e.m.c.i.embedder.EclipseLogger - Using 'UTF-8' encoding to copy filtered resources.
2020-04-19 14:03:24,711 [Worker-5: Building] INFO  o.e.m.c.i.embedder.EclipseLogger - skip non existing resourceDirectory C:\Users\luis_marreiros\Desktop\Cucumber\WebDriverUniversity\src\test\resources
2020-04-19 14:03:38,534 [Worker-1: Building] INFO  o.e.m.c.i.embedder.EclipseLogger - Using 'UTF-8' encoding to copy filtered resources.
2020-04-19 14:03:38,534 [Worker-1: Building] INFO  o.e.m.c.i.embedder.EclipseLogger - skip non existing resourceDirectory C:\Users\luis_marreiros\Desktop\Cucumber\WebDriverUniversity\src\main\resources
2020-04-19 14:03:38,536 [Worker-1: Building] INFO  o.e.m.c.i.embedder.EclipseLogger - Using 'UTF-8' encoding to copy filtered resources.
2020-04-19 14:03:38,536 [Worker-1: Building] INFO  o.e.m.c.i.embedder.EclipseLogger - skip non existing resourceDirectory C:\Users\luis_marreiros\Desktop\Cucumber\WebDriverUniversity\src\test\resources
2020-04-19 14:04:12,428 [Worker-13: Building] INFO  o.e.m.c.i.embedder.EclipseLogger - Using 'UTF-8' encoding to copy filtered resources.
2020-04-19 14:04:12,428 [Worker-13: Building] INFO  o.e.m.c.i.embedder.EclipseLogger - skip non existing resourceDirectory C:\Users\luis_marreiros\Desktop\Cucumber\WebDriverUniversity\src\main\resources
2020-04-19 14:04:12,430 [Worker-13: Building] INFO  o.e.m.c.i.embedder.EclipseLogger - Using 'UTF-8' encoding to copy filtered resources.
2020-04-19 14:04:12,430 [Worker-13: Building] INFO  o.e.m.c.i.embedder.EclipseLogger - skip non existing resourceDirectory C:\Users\luis_marreiros\Desktop\Cucumber\WebDriverUniversity\src\test\resources
2020-04-19 14:05:25,910 [Worker-9: Building] INFO  o.e.m.c.i.embedder.EclipseLogger - Using 'UTF-8' encoding to copy filtered resources.
2020-04-19 14:05:25,911 [Worker-9: Building] INFO  o.e.m.c.i.embedder.EclipseLogger - skip non existing resourceDirectory C:\Users\luis_marreiros\Desktop\Cucumber\WebDriverUniversity\src\main\resources
2020-04-19 14:05:25,914 [Worker-9: Building] INFO  o.e.m.c.i.embedder.EclipseLogger - Using 'UTF-8' encoding to copy filtered resources.
2020-04-19 14:05:25,914 [Worker-9: Building] INFO  o.e.m.c.i.embedder.EclipseLogger - skip non existing resourceDirectory C:\Users\luis_marreiros\Desktop\Cucumber\WebDriverUniversity\src\test\resources
2020-04-19 14:06:08,438 [Worker-3: Building] INFO  o.e.m.c.i.embedder.EclipseLogger - Using 'UTF-8' encoding to copy filtered resources.
2020-04-19 14:06:08,438 [Worker-3: Building] INFO  o.e.m.c.i.embedder.EclipseLogger - skip non existing resourceDirectory C:\Users\luis_marreiros\Desktop\Cucumber\WebDriverUniversity\src\main\resources
2020-04-19 14:06:08,440 [Worker-3: Building] INFO  o.e.m.c.i.embedder.EclipseLogger - Using 'UTF-8' encoding to copy filtered resources.
2020-04-19 14:06:08,440 [Worker-3: Building] INFO  o.e.m.c.i.embedder.EclipseLogger - skip non existing resourceDirectory C:\Users\luis_marreiros\Desktop\Cucumber\WebDriverUniversity\src\test\resources
2020-04-19 14:07:49,027 [Worker-12: Building] INFO  o.e.m.c.i.embedder.EclipseLogger - Using 'UTF-8' encoding to copy filtered resources.
2020-04-19 14:07:49,027 [Worker-12: Building] INFO  o.e.m.c.i.embedder.EclipseLogger - skip non existing resourceDirectory C:\Users\luis_marreiros\Desktop\Cucumber\WebDriverUniversity\src\main\resources
2020-04-19 14:07:49,028 [Worker-12: Building] INFO  o.e.m.c.i.embedder.EclipseLogger - Using 'UTF-8' encoding to copy filtered resources.
2020-04-19 14:07:49,029 [Worker-12: Building] INFO  o.e.m.c.i.embedder.EclipseLogger - skip non existing resourceDirectory C:\Users\luis_marreiros\Desktop\Cucumber\WebDriverUniversity\src\test\resources
2020-04-19 14:08:10,877 [Worker-4: Building] INFO  o.e.m.c.i.embedder.EclipseLogger - Using 'UTF-8' encoding to copy filtered resources.
2020-04-19 14:08:10,877 [Worker-4: Building] INFO  o.e.m.c.i.embedder.EclipseLogger - skip non existing resourceDirectory C:\Users\luis_marreiros\Desktop\Cucumber\WebDriverUniversity\src\main\resources
2020-04-19 14:08:10,879 [Worker-4: Building] INFO  o.e.m.c.i.embedder.EclipseLogger - Using 'UTF-8' encoding to copy filtered resources.
2020-04-19 14:08:10,880 [Worker-4: Building] INFO  o.e.m.c.i.embedder.EclipseLogger - skip non existing resourceDirectory C:\Users\luis_marreiros\Desktop\Cucumber\WebDriverUniversity\src\test\resources
2020-04-19 14:08:11,928 [Worker-12: Building] INFO  o.e.m.c.i.embedder.EclipseLogger - Using 'UTF-8' encoding to copy filtered resources.
2020-04-19 14:08:11,928 [Worker-12: Building] INFO  o.e.m.c.i.embedder.EclipseLogger - skip non existing resourceDirectory C:\Users\luis_marreiros\Desktop\Cucumber\WebDriverUniversity\src\main\resources
2020-04-19 14:08:11,930 [Worker-12: Building] INFO  o.e.m.c.i.embedder.EclipseLogger - Using 'UTF-8' encoding to copy filtered resources.
2020-04-19 14:08:11,931 [Worker-12: Building] INFO  o.e.m.c.i.embedder.EclipseLogger - skip non existing resourceDirectory C:\Users\luis_marreiros\Desktop\Cucumber\WebDriverUniversity\src\test\resources
2020-04-19 15:04:07,826 [Worker-12: Creating maven-archetype-quickstart] INFO  o.e.m.c.i.p.ProjectConfigurationManager - Collecting project info '/pom.xml' C:\Users\luis_marreiros\Desktop\Cucumber\Webstore\pom.xml
2020-04-19 15:04:07,928 [Worker-12: Creating maven-archetype-quickstart] INFO  o.e.m.c.i.l.LifecycleMappingFactory - Using org.eclipse.m2e.jdt.JarLifecycleMapping lifecycle mapping for MavenProject: com.automationpractice:Webstore:0.0.1-SNAPSHOT @ C:\Users\luis_marreiros\Desktop\Cucumber\Webstore\pom.xml.
2020-04-19 15:04:08,125 [Worker-12: Creating maven-archetype-quickstart] INFO  o.e.m.j.i.AbstractJavaProjectConfigurator - Adding source folder /Webstore/src/main/java
2020-04-19 15:04:08,140 [Worker-12: Creating maven-archetype-quickstart] INFO  o.e.m.j.i.AbstractJavaProjectConfigurator - Adding source folder /Webstore/src/test/java
2020-04-19 15:04:08,309 [Worker-12: Creating maven-archetype-quickstart] INFO  o.e.m.c.i.p.ProjectConfigurationManager - Imported and configured 1 project(s) in 0 sec
2020-04-19 15:04:08,512 [Worker-16: Building] INFO  o.e.m.c.i.embedder.EclipseLogger - Using 'UTF-8' encoding to copy filtered resources.
2020-04-19 15:04:08,513 [Worker-16: Building] INFO  o.e.m.c.i.embedder.EclipseLogger - skip non existing resourceDirectory C:\Users\luis_marreiros\Desktop\Cucumber\Webstore\src\main\resources
2020-04-19 15:04:08,514 [Worker-16: Building] INFO  o.e.m.c.i.embedder.EclipseLogger - Using 'UTF-8' encoding to copy filtered resources.
2020-04-19 15:04:08,514 [Worker-16: Building] INFO  o.e.m.c.i.embedder.EclipseLogger - skip non existing resourceDirectory C:\Users\luis_marreiros\Desktop\Cucumber\Webstore\src\test\resources
2020-04-19 15:04:49,660 [Worker-4: Building] INFO  o.e.m.c.i.embedder.EclipseLogger - Using 'UTF-8' encoding to copy filtered resources.
2020-04-19 15:04:49,660 [Worker-4: Building] INFO  o.e.m.c.i.embedder.EclipseLogger - skip non existing resourceDirectory C:\Users\luis_marreiros\Desktop\Cucumber\Webstore\src\main\resources
2020-04-19 15:04:49,661 [Worker-4: Building] INFO  o.e.m.c.i.embedder.EclipseLogger - Using 'UTF-8' encoding to copy filtered resources.
2020-04-19 15:04:49,661 [Worker-4: Building] INFO  o.e.m.c.i.embedder.EclipseLogger - skip non existing resourceDirectory C:\Users\luis_marreiros\Desktop\Cucumber\Webstore\src\test\resources
2020-04-19 15:05:42,322 [Worker-20: Building] INFO  o.e.m.c.i.embedder.EclipseLogger - Using 'UTF-8' encoding to copy filtered resources.
2020-04-19 15:05:42,323 [Worker-20: Building] INFO  o.e.m.c.i.embedder.EclipseLogger - skip non existing resourceDirectory C:\Users\luis_marreiros\Desktop\Cucumber\Webstore\src\main\resources
2020-04-19 15:05:42,325 [Worker-20: Building] INFO  o.e.m.c.i.embedder.EclipseLogger - Using 'UTF-8' encoding to copy filtered resources.
2020-04-19 15:05:42,325 [Worker-20: Building] INFO  o.e.m.c.i.embedder.EclipseLogger - skip non existing resourceDirectory C:\Users\luis_marreiros\Desktop\Cucumber\Webstore\src\test\resources
2020-04-19 15:05:56,062 [Worker-16: Building] INFO  o.e.m.c.i.embedder.EclipseLogger - Using 'UTF-8' encoding to copy filtered resources.
2020-04-19 15:05:56,063 [Worker-16: Building] INFO  o.e.m.c.i.embedder.EclipseLogger - skip non existing resourceDirectory C:\Users\luis_marreiros\Desktop\Cucumber\Webstore\src\main\resources
2020-04-19 15:05:56,064 [Worker-16: Building] INFO  o.e.m.c.i.embedder.EclipseLogger - Using 'UTF-8' encoding to copy filtered resources.
2020-04-19 15:05:56,064 [Worker-16: Building] INFO  o.e.m.c.i.embedder.EclipseLogger - skip non existing resourceDirectory C:\Users\luis_marreiros\Desktop\Cucumber\Webstore\src\test\resources
2020-04-19 15:06:31,933 [Worker-4: Building] INFO  o.e.m.c.i.embedder.EclipseLogger - Using 'UTF-8' encoding to copy filtered resources.
2020-04-19 15:06:31,933 [Worker-4: Building] INFO  o.e.m.c.i.embedder.EclipseLogger - skip non existing resourceDirectory C:\Users\luis_marreiros\Desktop\Cucumber\Webstore\src\main\resources
2020-04-19 15:06:31,933 [Worker-4: Building] INFO  o.e.m.c.i.embedder.EclipseLogger - Using 'UTF-8' encoding to copy filtered resources.
2020-04-19 15:06:31,934 [Worker-4: Building] INFO  o.e.m.c.i.embedder.EclipseLogger - skip non existing resourceDirectory C:\Users\luis_marreiros\Desktop\Cucumber\Webstore\src\test\resources
2020-04-19 15:06:48,155 [Worker-12: Building] INFO  o.e.m.c.i.embedder.EclipseLogger - Using 'UTF-8' encoding to copy filtered resources.
2020-04-19 15:06:48,155 [Worker-12: Building] INFO  o.e.m.c.i.embedder.EclipseLogger - skip non existing resourceDirectory C:\Users\luis_marreiros\Desktop\Cucumber\Webstore\src\main\resources
2020-04-19 15:06:48,156 [Worker-12: Building] INFO  o.e.m.c.i.embedder.EclipseLogger - Using 'UTF-8' encoding to copy filtered resources.
2020-04-19 15:06:48,156 [Worker-12: Building] INFO  o.e.m.c.i.embedder.EclipseLogger - skip non existing resourceDirectory C:\Users\luis_marreiros\Desktop\Cucumber\Webstore\src\test\resources
2020-04-19 15:07:03,628 [Worker-4: Building] INFO  o.e.m.c.i.embedder.EclipseLogger - Using 'UTF-8' encoding to copy filtered resources.
2020-04-19 15:07:03,628 [Worker-4: Building] INFO  o.e.m.c.i.embedder.EclipseLogger - skip non existing resourceDirectory C:\Users\luis_marreiros\Desktop\Cucumber\Webstore\src\main\resources
2020-04-19 15:07:03,629 [Worker-4: Building] INFO  o.e.m.c.i.embedder.EclipseLogger - Using 'UTF-8' encoding to copy filtered resources.
2020-04-19 15:07:03,629 [Worker-4: Building] INFO  o.e.m.c.i.embedder.EclipseLogger - skip non existing resourceDirectory C:\Users\luis_marreiros\Desktop\Cucumber\Webstore\src\test\resources
2020-04-19 15:07:41,586 [Worker-16: Building] INFO  o.e.m.c.i.embedder.EclipseLogger - Using 'UTF-8' encoding to copy filtered resources.
2020-04-19 15:07:41,586 [Worker-16: Building] INFO  o.e.m.c.i.embedder.EclipseLogger - skip non existing resourceDirectory C:\Users\luis_marreiros\Desktop\Cucumber\Webstore\src\main\resources
2020-04-19 15:07:41,587 [Worker-16: Building] INFO  o.e.m.c.i.embedder.EclipseLogger - Using 'UTF-8' encoding to copy filtered resources.
2020-04-19 15:07:41,587 [Worker-16: Building] INFO  o.e.m.c.i.embedder.EclipseLogger - skip non existing resourceDirectory C:\Users\luis_marreiros\Desktop\Cucumber\Webstore\src\test\resources
2020-04-19 15:07:57,222 [Worker-9: Building] INFO  o.e.m.c.i.embedder.EclipseLogger - Using 'UTF-8' encoding to copy filtered resources.
2020-04-19 15:07:57,223 [Worker-9: Building] INFO  o.e.m.c.i.embedder.EclipseLogger - skip non existing resourceDirectory C:\Users\luis_marreiros\Desktop\Cucumber\Webstore\src\main\resources
2020-04-19 15:07:57,224 [Worker-9: Building] INFO  o.e.m.c.i.embedder.EclipseLogger - Using 'UTF-8' encoding to copy filtered resources.
2020-04-19 15:07:57,224 [Worker-9: Building] INFO  o.e.m.c.i.embedder.EclipseLogger - skip non existing resourceDirectory C:\Users\luis_marreiros\Desktop\Cucumber\Webstore\src\test\resources
2020-04-19 15:08:16,112 [Worker-16: Building] INFO  o.e.m.c.i.embedder.EclipseLogger - Using 'UTF-8' encoding to copy filtered resources.
2020-04-19 15:08:16,112 [Worker-16: Building] INFO  o.e.m.c.i.embedder.EclipseLogger - skip non existing resourceDirectory C:\Users\luis_marreiros\Desktop\Cucumber\Webstore\src\main\resources
2020-04-19 15:08:16,114 [Worker-16: Building] INFO  o.e.m.c.i.embedder.EclipseLogger - Using 'UTF-8' encoding to copy filtered resources.
2020-04-19 15:08:16,115 [Worker-16: Building] INFO  o.e.m.c.i.embedder.EclipseLogger - skip non existing resourceDirectory C:\Users\luis_marreiros\Desktop\Cucumber\Webstore\src\test\resources
2020-04-19 15:09:17,828 [Worker-9: Building] INFO  o.e.m.c.i.embedder.EclipseLogger - Using 'UTF-8' encoding to copy filtered resources.
2020-04-19 15:09:17,828 [Worker-9: Building] INFO  o.e.m.c.i.embedder.EclipseLogger - skip non existing resourceDirectory C:\Users\luis_marreiros\Desktop\Cucumber\Webstore\src\main\resources
2020-04-19 15:09:17,829 [Worker-9: Building] INFO  o.e.m.c.i.embedder.EclipseLogger - Using 'UTF-8' encoding to copy filtered resources.
2020-04-19 15:09:17,829 [Worker-9: Building] INFO  o.e.m.c.i.embedder.EclipseLogger - skip non existing resourceDirectory C:\Users\luis_marreiros\Desktop\Cucumber\Webstore\src\test\resources
2020-04-19 15:09:27,193 [Worker-16: Building] INFO  o.e.m.c.i.embedder.EclipseLogger - Using 'UTF-8' encoding to copy filtered resources.
2020-04-19 15:09:27,193 [Worker-16: Building] INFO  o.e.m.c.i.embedder.EclipseLogger - skip non existing resourceDirectory C:\Users\luis_marreiros\Desktop\Cucumber\Webstore\src\main\resources
2020-04-19 15:09:27,193 [Worker-16: Building] INFO  o.e.m.c.i.embedder.EclipseLogger - Using 'UTF-8' encoding to copy filtered resources.
2020-04-19 15:09:27,194 [Worker-16: Building] INFO  o.e.m.c.i.embedder.EclipseLogger - skip non existing resourceDirectory C:\Users\luis_marreiros\Desktop\Cucumber\Webstore\src\test\resources
2020-04-19 15:09:58,909 [Worker-20: Building] INFO  o.e.m.c.i.embedder.EclipseLogger - Using 'UTF-8' encoding to copy filtered resources.
2020-04-19 15:09:58,910 [Worker-20: Building] INFO  o.e.m.c.i.embedder.EclipseLogger - skip non existing resourceDirectory C:\Users\luis_marreiros\Desktop\Cucumber\Webstore\src\main\resources
2020-04-19 15:09:58,910 [Worker-20: Building] INFO  o.e.m.c.i.embedder.EclipseLogger - Using 'UTF-8' encoding to copy filtered resources.
2020-04-19 15:09:58,910 [Worker-20: Building] INFO  o.e.m.c.i.embedder.EclipseLogger - skip non existing resourceDirectory C:\Users\luis_marreiros\Desktop\Cucumber\Webstore\src\test\resources
2020-04-19 15:11:08,723 [Worker-4: Building] INFO  o.e.m.c.i.embedder.EclipseLogger - Using 'UTF-8' encoding to copy filtered resources.
2020-04-19 15:11:08,724 [Worker-4: Building] INFO  o.e.m.c.i.embedder.EclipseLogger - skip non existing resourceDirectory C:\Users\luis_marreiros\Desktop\Cucumber\Webstore\src\main\resources
2020-04-19 15:11:08,725 [Worker-4: Building] INFO  o.e.m.c.i.embedder.EclipseLogger - Using 'UTF-8' encoding to copy filtered resources.
2020-04-19 15:11:08,725 [Worker-4: Building] INFO  o.e.m.c.i.embedder.EclipseLogger - skip non existing resourceDirectory C:\Users\luis_marreiros\Desktop\Cucumber\Webstore\src\test\resources
2020-04-19 15:11:27,779 [Worker-9: Building] INFO  o.e.m.c.i.embedder.EclipseLogger - Using 'UTF-8' encoding to copy filtered resources.
2020-04-19 15:11:27,780 [Worker-9: Building] INFO  o.e.m.c.i.embedder.EclipseLogger - skip non existing resourceDirectory C:\Users\luis_marreiros\Desktop\Cucumber\Webstore\src\main\resources
2020-04-19 15:11:27,780 [Worker-9: Building] INFO  o.e.m.c.i.embedder.EclipseLogger - Using 'UTF-8' encoding to copy filtered resources.
2020-04-19 15:11:27,780 [Worker-9: Building] INFO  o.e.m.c.i.embedder.EclipseLogger - skip non existing resourceDirectory C:\Users\luis_marreiros\Desktop\Cucumber\Webstore\src\test\resources
2020-04-19 15:21:19,030 [Worker-20: Building] INFO  o.e.m.c.i.embedder.EclipseLogger - Using 'UTF-8' encoding to copy filtered resources.
2020-04-19 15:21:19,030 [Worker-20: Building] INFO  o.e.m.c.i.embedder.EclipseLogger - skip non existing resourceDirectory C:\Users\luis_marreiros\Desktop\Cucumber\Webstore\src\main\resources
